
> @indigenious/communications@1.0.0 dev
> tsx watch src/index.ts


node:internal/modules/run_main:105
    triggerUncaughtException(
    ^
Error [ERR_MODULE_NOT_FOUND]: Cannot find module '/Users/Jon/Desktop/Unations/indigenious-microservices/indigenous-platform/services/communications/src/index.ts' imported from /Users/Jon/Desktop/Unations/indigenious-microservices/indigenous-platform/services/communications/
    at finalizeResolution (node:internal/modules/esm/resolve:274:11)
    at moduleResolve (node:internal/modules/esm/resolve:859:10)
    at defaultResolve (node:internal/modules/esm/resolve:983:11)
    at nextResolve (node:internal/modules/esm/hooks:748:28)
    at resolveBase (file:///Users/Jon/Desktop/Unations/indigenious-microservices/indigenous-platform/node_modules/.pnpm/tsx@4.20.5/node_modules/tsx/dist/esm/index.mjs?1756491126628:2:3744)
    at resolveDirectory (file:///Users/Jon/Desktop/Unations/indigenious-microservices/indigenous-platform/node_modules/.pnpm/tsx@4.20.5/node_modules/tsx/dist/esm/index.mjs?1756491126628:2:4243)
    at resolveTsPaths (file:///Users/Jon/Desktop/Unations/indigenious-microservices/indigenous-platform/node_modules/.pnpm/tsx@4.20.5/node_modules/tsx/dist/esm/index.mjs?1756491126628:2:4984)
    at resolve (file:///Users/Jon/Desktop/Unations/indigenious-microservices/indigenous-platform/node_modules/.pnpm/tsx@4.20.5/node_modules/tsx/dist/esm/index.mjs?1756491126628:2:5361)
    at nextResolve (node:internal/modules/esm/hooks:748:28)
    at Hooks.resolve (node:internal/modules/esm/hooks:240:30) {
  code: 'ERR_MODULE_NOT_FOUND',
  url: 'file:///Users/Jon/Desktop/Unations/indigenious-microservices/indigenous-platform/services/communications/src/index.ts'
}

Node.js v24.3.0
2:40:33 p.m. [tsx] add in ./src/index.ts Rerunning...
c🚀 indigenious-notification-service running on port 4006
📡 Health check: http://localhost:4006/health
