
> @indigenious/payments@1.0.0 dev
> tsx watch src/index.ts

node:internal/modules/cjs/loader:1369
  const err = new Error(message);
              ^

Error: Cannot find module '@paypal/checkout-server-sdk'
Require stack:
- /Users/Jon/Desktop/Unations/indigenious-microservices/indigenous-platform/services/payments/src/services/payment.service.ts
- /Users/Jon/Desktop/Unations/indigenious-microservices/indigenous-platform/services/payments/src/index.ts
    at node:internal/modules/cjs/loader:1369:15
    at nextResolveSimple (/Users/Jon/Desktop/Unations/indigenious-microservices/indigenous-platform/node_modules/.pnpm/tsx@4.20.5/node_modules/tsx/dist/register-D46fvsV_.cjs:4:1004)
    at /Users/Jon/Desktop/Unations/indigenious-microservices/indigenous-platform/node_modules/.pnpm/tsx@4.20.5/node_modules/tsx/dist/register-D46fvsV_.cjs:3:2630
    at /Users/Jon/Desktop/Unations/indigenious-microservices/indigenous-platform/node_modules/.pnpm/tsx@4.20.5/node_modules/tsx/dist/register-D46fvsV_.cjs:3:1542
    at resolveTsPaths (/Users/Jon/Desktop/Unations/indigenious-microservices/indigenous-platform/node_modules/.pnpm/tsx@4.20.5/node_modules/tsx/dist/register-D46fvsV_.cjs:4:760)
    at /Users/Jon/Desktop/Unations/indigenious-microservices/indigenous-platform/node_modules/.pnpm/tsx@4.20.5/node_modules/tsx/dist/register-D46fvsV_.cjs:4:1102
    at m._resolveFilename (file:///Users/Jon/Desktop/Unations/indigenious-microservices/indigenous-platform/node_modules/.pnpm/tsx@4.20.5/node_modules/tsx/dist/register-B7jrtLTO.mjs:1:789)
    at defaultResolveImpl (node:internal/modules/cjs/loader:1025:19)
    at resolveForCJSWithHooks (node:internal/modules/cjs/loader:1030:22)
    at Module._load (node:internal/modules/cjs/loader:1179:37) {
  code: 'MODULE_NOT_FOUND',
  requireStack: [
    '/Users/Jon/Desktop/Unations/indigenious-microservices/indigenous-platform/services/payments/src/services/payment.service.ts',
    '/Users/Jon/Desktop/Unations/indigenious-microservices/indigenous-platform/services/payments/src/index.ts'
  ]
}

Node.js v24.3.0
